[2023-03-21 17:35:50][14995] Processing: App\Mail\OrderShipped
[2023-03-21 17:35:50][14996] Processing: App\Mail\OrderShipped
[2023-03-21 17:35:50][14996] Processed:  App\Mail\OrderShipped
[2023-03-21 17:35:50][14997] Processing: App\Mail\OrderEstablished
[2023-03-21 17:35:50][14995] Processed:  App\Mail\OrderShipped
[2023-03-21 17:35:50][14998] Processing: App\Mail\CustomerOrderRemit
[2023-03-21 17:35:50][14997] Processed:  App\Mail\OrderEstablished
[2023-03-21 17:35:50][14998] Processed:  App\Mail\CustomerOrderRemit
[2023-03-21 17:37:02][14999] Processing: App\Mail\OrderEstablished
[2023-03-21 17:37:02][14999] Processed:  App\Mail\OrderEstablished
[2023-03-21 17:39:53][15000] Processing: App\Jobs\EDM20230320Job
[2023-03-21 17:39:53][15000] Processed:  App\Jobs\EDM20230320Job
[2023-03-21 17:42:39][15001] Processing: App\Jobs\EDM20230320Job
[2023-03-21 17:42:39][15001] Processed:  App\Jobs\EDM20230320Job
[2023-03-21 17:43:33][15002] Processing: App\Jobs\EDM20230320Job
[2023-03-21 17:43:33][15002] Processed:  App\Jobs\EDM20230320Job
[2023-03-21 17:50:42][15003] Processing: App\Mail\OrderPaid
[2023-03-21 17:50:42][15003] Processed:  App\Mail\OrderPaid
[2023-03-21 17:53:09][15004] Processing: App\Mail\OrderPaid
[2023-03-21 17:53:09][15004] Processed:  App\Mail\OrderPaid
[2023-03-21 17:53:42][15005] Processing: App\Mail\OrderEstablished
[2023-03-21 17:53:42][15005] Processed:  App\Mail\OrderEstablished
[2023-03-22 08:56:18][15006] Processing: App\Mail\OrderEstablished
[2023-03-22 08:56:18][15006] Processed:  App\Mail\OrderEstablished
[2023-03-22 08:56:27][15007] Processing: App\Mail\OrderEstablished
[2023-03-22 08:56:27][15007] Processed:  App\Mail\OrderEstablished
[2023-03-22 08:56:30][15008] Processing: App\Mail\OrderShipped
[2023-03-22 08:56:32][15008] Processed:  App\Mail\OrderShipped
[2023-03-22 08:58:38][15009] Processing: App\Mail\OrderEstablished
[2023-03-22 08:58:38][15009] Processed:  App\Mail\OrderEstablished
[2023-03-22 09:01:47][15010] Processing: App\Mail\OrderShipped
[2023-03-22 09:01:47][15010] Processed:  App\Mail\OrderShipped
[2023-03-22 09:06:21][15011] Processing: App\Mail\OrderEstablished
[2023-03-22 09:06:21][15011] Processed:  App\Mail\OrderEstablished
[2023-03-22 09:18:33][15012] Processing: App\Mail\OrderEstablished
[2023-03-22 09:18:33][15012] Processed:  App\Mail\OrderEstablished
[2023-03-22 09:24:00][15013] Processing: App\Mail\OrderPaid
[2023-03-22 09:24:00][15013] Processed:  App\Mail\OrderPaid
[2023-03-22 09:24:33][15014] Processing: App\Mail\OrderPaid
[2023-03-22 09:24:34][15014] Processed:  App\Mail\OrderPaid
[2023-03-22 09:26:04][15015] Processing: App\Mail\OrderPaid
[2023-03-22 09:26:04][15015] Processed:  App\Mail\OrderPaid
[2023-03-22 09:28:52][15016] Processing: App\Mail\OrderPaid
[2023-03-22 09:28:56][15016] Processed:  App\Mail\OrderPaid
[2023-03-22 09:29:49][15017] Processing: App\Mail\OrderPaid
[2023-03-22 09:29:49][15017] Processed:  App\Mail\OrderPaid
[2023-03-22 09:41:47][15018] Processing: App\Mail\OrderEstablished
[2023-03-22 09:41:47][15018] Processed:  App\Mail\OrderEstablished
[2023-03-22 09:45:21][15019] Processing: App\Mail\OrderPaid
[2023-03-22 09:45:21][15019] Processed:  App\Mail\OrderPaid
[2023-03-22 10:33:05][15020] Processing: App\Mail\OrderEstablished
[2023-03-22 10:33:05][15020] Processed:  App\Mail\OrderEstablished
[2023-03-22 10:45:28][15021] Processing: App\Mail\OrderShipped
[2023-03-22 10:45:28][15021] Processed:  App\Mail\OrderShipped
[2023-03-22 10:48:37][15022] Processing: App\Mail\OrderShipped
[2023-03-22 10:48:37][15022] Processed:  App\Mail\OrderShipped
[2023-03-22 10:50:02][15023] Processing: App\Mail\OrderShipped
[2023-03-22 10:50:05][15023] Processed:  App\Mail\OrderShipped
[2023-03-22 10:53:23][15024] Processing: App\Mail\OrderShipped
[2023-03-22 10:53:23][15024] Processed:  App\Mail\OrderShipped
[2023-03-22 10:56:23][15025] Processing: App\Mail\OrderShipped
[2023-03-22 10:56:23][15025] Processed:  App\Mail\OrderShipped
[2023-03-22 14:14:13][15026] Processing: App\Mail\OrderPaid
[2023-03-22 14:14:13][15026] Processed:  App\Mail\OrderPaid
[2023-03-22 14:18:01][15027] Processing: App\Mail\OrderShipped
[2023-03-22 14:18:02][15027] Processed:  App\Mail\OrderShipped
[2023-03-22 14:19:26][15028] Processing: App\Mail\OrderShipped
[2023-03-22 14:19:26][15028] Processed:  App\Mail\OrderShipped
[2023-03-22 14:20:41][15029] Processing: App\Mail\OrderShipped
[2023-03-22 14:20:41][15029] Processed:  App\Mail\OrderShipped
[2023-03-22 15:12:55][15030] Processing: App\Mail\OrderShipped
[2023-03-22 15:12:55][15030] Processed:  App\Mail\OrderShipped
[2023-03-22 15:14:52][15031] Processing: App\Mail\OrderShipped
[2023-03-22 15:14:52][15031] Processed:  App\Mail\OrderShipped
[2023-03-22 15:16:28][15032] Processing: App\Mail\OrderShipped
[2023-03-22 15:16:29][15032] Processed:  App\Mail\OrderShipped
[2023-03-22 15:33:23][15033] Processing: App\Mail\OrderShipped
[2023-03-22 15:33:23][15033] Processed:  App\Mail\OrderShipped
[2023-03-22 15:33:53][15034] Processing: App\Mail\OrderShipped
[2023-03-22 15:33:54][15034] Processed:  App\Mail\OrderShipped
[2023-03-22 15:49:45][15035] Processing: App\Mail\OrderEstablished
[2023-03-22 15:49:45][15035] Processed:  App\Mail\OrderEstablished
[2023-03-22 15:51:00][15036] Processing: App\Mail\OrderEstablished
[2023-03-22 15:51:00][15036] Processed:  App\Mail\OrderEstablished
[2023-03-22 16:45:03][15037] Processing: App\Mail\OrderEstablished
[2023-03-22 16:45:03][15037] Processed:  App\Mail\OrderEstablished
[2023-03-22 16:59:09][15038] Processing: App\Mail\OrderShipped
[2023-03-22 16:59:09][15038] Processed:  App\Mail\OrderShipped
[2023-03-22 17:05:25][15039] Processing: App\Mail\OrderShipped
[2023-03-22 17:05:25][15039] Processed:  App\Mail\OrderShipped
